PHP Warning:  require_once(./config.php): failed to open stream: No such file or directory in /var/www/cronjobs/send_sms.php on line 2

Warning: require_once(./config.php): failed to open stream: No such file or directory in /var/www/cronjobs/send_sms.php on line 2
PHP Fatal error:  require_once(): Failed opening required './config.php' (include_path='.:/usr/share/php') in /var/www/cronjobs/send_sms.php on line 2

Fatal error: require_once(): Failed opening required './config.php' (include_path='.:/usr/share/php') in /var/www/cronjobs/send_sms.php on line 2
PHP Warning:  require_once(./config.php): failed to open stream: No such file or directory in /var/www/cronjobs/send_sms.php on line 2

Warning: require_once(./config.php): failed to open stream: No such file or directory in /var/www/cronjobs/send_sms.php on line 2
PHP Fatal error:  require_once(): Failed opening required './config.php' (include_path='.:/usr/share/php') in /var/www/cronjobs/send_sms.php on line 2

Fatal error: require_once(): Failed opening required './config.php' (include_path='.:/usr/share/php') in /var/www/cronjobs/send_sms.php on line 2
PHP Warning:  require_once(./config.php): failed to open stream: No such file or directory in /var/www/cronjobs/send_sms.php on line 2

Warning: require_once(./config.php): failed to open stream: No such file or directory in /var/www/cronjobs/send_sms.php on line 2
PHP Fatal error:  require_once(): Failed opening required './config.php' (include_path='.:/usr/share/php') in /var/www/cronjobs/send_sms.php on line 2

Fatal error: require_once(): Failed opening required './config.php' (include_path='.:/usr/share/php') in /var/www/cronjobs/send_sms.php on line 2
PHP Warning:  require_once(./config.php): failed to open stream: No such file or directory in /var/www/cronjobs/send_sms.php on line 2

Warning: require_once(./config.php): failed to open stream: No such file or directory in /var/www/cronjobs/send_sms.php on line 2
PHP Fatal error:  require_once(): Failed opening required './config.php' (include_path='.:/usr/share/php') in /var/www/cronjobs/send_sms.php on line 2

Fatal error: require_once(): Failed opening required './config.php' (include_path='.:/usr/share/php') in /var/www/cronjobs/send_sms.php on line 2
PHP Warning:  require_once(./config.php): failed to open stream: No such file or directory in /var/www/cronjobs/send_sms.php on line 2

Warning: require_once(./config.php): failed to open stream: No such file or directory in /var/www/cronjobs/send_sms.php on line 2
PHP Fatal error:  require_once(): Failed opening required './config.php' (include_path='.:/usr/share/php') in /var/www/cronjobs/send_sms.php on line 2

Fatal error: require_once(): Failed opening required './config.php' (include_path='.:/usr/share/php') in /var/www/cronjobs/send_sms.php on line 2
PHP Warning:  require_once(./config.php): failed to open stream: No such file or directory in /var/www/cronjobs/send_sms.php on line 2

Warning: require_once(./config.php): failed to open stream: No such file or directory in /var/www/cronjobs/send_sms.php on line 2
PHP Fatal error:  require_once(): Failed opening required './config.php' (include_path='.:/usr/share/php') in /var/www/cronjobs/send_sms.php on line 2

Fatal error: require_once(): Failed opening required './config.php' (include_path='.:/usr/share/php') in /var/www/cronjobs/send_sms.php on line 2
PHP Warning:  require_once(./config.php): failed to open stream: No such file or directory in /var/www/cronjobs/send_sms.php on line 2

Warning: require_once(./config.php): failed to open stream: No such file or directory in /var/www/cronjobs/send_sms.php on line 2
PHP Fatal error:  require_once(): Failed opening required './config.php' (include_path='.:/usr/share/php') in /var/www/cronjobs/send_sms.php on line 2

Fatal error: require_once(): Failed opening required './config.php' (include_path='.:/usr/share/php') in /var/www/cronjobs/send_sms.php on line 2
PHP Warning:  require_once(./config.php): failed to open stream: No such file or directory in /var/www/cronjobs/send_sms.php on line 2

Warning: require_once(./config.php): failed to open stream: No such file or directory in /var/www/cronjobs/send_sms.php on line 2
PHP Fatal error:  require_once(): Failed opening required './config.php' (include_path='.:/usr/share/php') in /var/www/cronjobs/send_sms.php on line 2

Fatal error: require_once(): Failed opening required './config.php' (include_path='.:/usr/share/php') in /var/www/cronjobs/send_sms.php on line 2
PHP Warning:  require_once(./config.php): failed to open stream: No such file or directory in /var/www/cronjobs/send_sms.php on line 2

Warning: require_once(./config.php): failed to open stream: No such file or directory in /var/www/cronjobs/send_sms.php on line 2
PHP Fatal error:  require_once(): Failed opening required './config.php' (include_path='.:/usr/share/php') in /var/www/cronjobs/send_sms.php on line 2

Fatal error: require_once(): Failed opening required './config.php' (include_path='.:/usr/share/php') in /var/www/cronjobs/send_sms.php on line 2
PHP Warning:  mysqli::__construct(): (HY000/2002): No such file or directory in /var/www/cronjobs/checkScheduledFeeding.php on line 16

Warning: mysqli::__construct(): (HY000/2002): No such file or directory in /var/www/cronjobs/checkScheduledFeeding.php on line 16
Database connection failed.PHP Warning:  mysqli::__construct(): (HY000/2002): No such file or directory in /var/www/cronjobs/checkScheduledFeeding.php on line 16

Warning: mysqli::__construct(): (HY000/2002): No such file or directory in /var/www/cronjobs/checkScheduledFeeding.php on line 16
Database connection failed.PHP Warning:  mysqli::__construct(): (HY000/2002): No such file or directory in /var/www/cronjobs/checkScheduledFeeding.php on line 16

Warning: mysqli::__construct(): (HY000/2002): No such file or directory in /var/www/cronjobs/checkScheduledFeeding.php on line 16
Database connection failed.PHP Warning:  mysqli::__construct(): (HY000/2002): No such file or directory in /var/www/cronjobs/checkScheduledFeeding.php on line 16

Warning: mysqli::__construct(): (HY000/2002): No such file or directory in /var/www/cronjobs/checkScheduledFeeding.php on line 16
Database connection failed.PHP Warning:  mysqli::__construct(): (HY000/2002): No such file or directory in /var/www/cronjobs/checkScheduledFeeding.php on line 16

Warning: mysqli::__construct(): (HY000/2002): No such file or directory in /var/www/cronjobs/checkScheduledFeeding.php on line 16
Database connection failed.PHP Warning:  mysqli::__construct(): (HY000/2002): No such file or directory in /var/www/cronjobs/checkScheduledFeeding.php on line 16

Warning: mysqli::__construct(): (HY000/2002): No such file or directory in /var/www/cronjobs/checkScheduledFeeding.php on line 16
Database connection failed.PHP Warning:  mysqli::__construct(): (HY000/2002): No such file or directory in /var/www/cronjobs/checkScheduledFeeding.php on line 16

Warning: mysqli::__construct(): (HY000/2002): No such file or directory in /var/www/cronjobs/checkScheduledFeeding.php on line 16
Database connection failed.PHP Warning:  mysqli::__construct(): (HY000/2002): No such file or directory in /var/www/cronjobs/checkScheduledFeeding.php on line 16

Warning: mysqli::__construct(): (HY000/2002): No such file or directory in /var/www/cronjobs/checkScheduledFeeding.php on line 16
Database connection failed.PHP Warning:  mysqli::__construct(): (HY000/2002): No such file or directory in /var/www/cronjobs/checkScheduledFeeding.php on line 16

Warning: mysqli::__construct(): (HY000/2002): No such file or directory in /var/www/cronjobs/checkScheduledFeeding.php on line 16
Database connection failed.PHP Warning:  mysqli::__construct(): (HY000/2002): No such file or directory in /var/www/cronjobs/checkScheduledFeeding.php on line 16

Warning: mysqli::__construct(): (HY000/2002): No such file or directory in /var/www/cronjobs/checkScheduledFeeding.php on line 16
Database connection failed.PHP Warning:  mysqli::__construct(): (HY000/2002): No such file or directory in /var/www/cronjobs/checkScheduledFeeding.php on line 16

Warning: mysqli::__construct(): (HY000/2002): No such file or directory in /var/www/cronjobs/checkScheduledFeeding.php on line 16
Database connection failed.PHP Warning:  mysqli::__construct(): (HY000/2002): No such file or directory in /var/www/cronjobs/checkScheduledFeeding.php on line 16

Warning: mysqli::__construct(): (HY000/2002): No such file or directory in /var/www/cronjobs/checkScheduledFeeding.php on line 16
Database connection failed.PHP Warning:  mysqli::__construct(): (HY000/2002): No such file or directory in /var/www/cronjobs/checkScheduledFeeding.php on line 16

Warning: mysqli::__construct(): (HY000/2002): No such file or directory in /var/www/cronjobs/checkScheduledFeeding.php on line 16
Database connection failed.